{"C:\\Users\\carol\\Documents\\Cesi\\projet\\bloc3\\Collector_shop\\service_utilisateur\\src\\index.js": {"path":"C:\\Users\\carol\\Documents\\Cesi\\projet\\bloc3\\Collector_shop\\service_utilisateur\\src\\index.js","statementMap":{"0":{"start":{"line":1,"column":16},"end":{"line":1,"column":34}},"1":{"start":{"line":2,"column":13},"end":{"line":2,"column":28}},"2":{"start":{"line":3,"column":12},"end":{"line":3,"column":35}},"3":{"start":{"line":4,"column":19},"end":{"line":4,"column":38}},"4":{"start":{"line":5,"column":11},"end":{"line":5,"column":26}},"5":{"start":{"line":7,"column":12},"end":{"line":7,"column":21}},"6":{"start":{"line":8,"column":13},"end":{"line":8,"column":37}},"7":{"start":{"line":9,"column":21},"end":{"line":9,"column":71}},"8":{"start":{"line":10,"column":23},"end":{"line":10,"column":69}},"9":{"start":{"line":12,"column":0},"end":{"line":12,"column":16}},"10":{"start":{"line":13,"column":0},"end":{"line":13,"column":24}},"11":{"start":{"line":16,"column":15},"end":{"line":20,"column":2}},"12":{"start":{"line":23,"column":4},"end":{"line":30,"column":7}},"13":{"start":{"line":24,"column":8},"end":{"line":27,"column":9}},"14":{"start":{"line":25,"column":12},"end":{"line":25,"column":69}},"15":{"start":{"line":26,"column":12},"end":{"line":26,"column":33}},"16":{"start":{"line":28,"column":27},"end":{"line":28,"column":60}},"17":{"start":{"line":29,"column":8},"end":{"line":29,"column":35}},"18":{"start":{"line":35,"column":23},"end":{"line":35,"column":48}},"19":{"start":{"line":36,"column":4},"end":{"line":38,"column":5}},"20":{"start":{"line":37,"column":8},"end":{"line":37,"column":68}},"21":{"start":{"line":40,"column":18},"end":{"line":40,"column":42}},"22":{"start":{"line":42,"column":4},"end":{"line":53,"column":7}},"23":{"start":{"line":46,"column":8},"end":{"line":49,"column":9}},"24":{"start":{"line":47,"column":12},"end":{"line":47,"column":69}},"25":{"start":{"line":48,"column":12},"end":{"line":48,"column":68}},"26":{"start":{"line":50,"column":8},"end":{"line":50,"column":27}},"27":{"start":{"line":51,"column":8},"end":{"line":51,"column":33}},"28":{"start":{"line":52,"column":8},"end":{"line":52,"column":15}},"29":{"start":{"line":59,"column":0},"end":{"line":94,"column":3}},"30":{"start":{"line":60,"column":4},"end":{"line":93,"column":5}},"31":{"start":{"line":61,"column":45},"end":{"line":61,"column":53}},"32":{"start":{"line":63,"column":8},"end":{"line":65,"column":9}},"33":{"start":{"line":64,"column":12},"end":{"line":64,"column":89}},"34":{"start":{"line":68,"column":35},"end":{"line":68,"column":101}},"35":{"start":{"line":70,"column":8},"end":{"line":75,"column":9}},"36":{"start":{"line":71,"column":25},"end":{"line":71,"column":36}},"37":{"start":{"line":72,"column":12},"end":{"line":72,"column":33}},"38":{"start":{"line":73,"column":12},"end":{"line":73,"column":76}},"39":{"start":{"line":74,"column":12},"end":{"line":74,"column":34}},"40":{"start":{"line":78,"column":23},"end":{"line":78,"column":85}},"41":{"start":{"line":79,"column":23},"end":{"line":79,"column":65}},"42":{"start":{"line":80,"column":22},"end":{"line":80,"column":58}},"43":{"start":{"line":82,"column":25},"end":{"line":87,"column":9}},"44":{"start":{"line":89,"column":8},"end":{"line":89,"column":38}},"45":{"start":{"line":91,"column":8},"end":{"line":91,"column":27}},"46":{"start":{"line":92,"column":8},"end":{"line":92,"column":65}},"47":{"start":{"line":97,"column":0},"end":{"line":127,"column":3}},"48":{"start":{"line":98,"column":4},"end":{"line":126,"column":5}},"49":{"start":{"line":99,"column":45},"end":{"line":99,"column":53}},"50":{"start":{"line":101,"column":8},"end":{"line":103,"column":9}},"51":{"start":{"line":102,"column":12},"end":{"line":102,"column":95}},"52":{"start":{"line":106,"column":35},"end":{"line":106,"column":123}},"53":{"start":{"line":107,"column":8},"end":{"line":109,"column":9}},"54":{"start":{"line":108,"column":12},"end":{"line":108,"column":74}},"55":{"start":{"line":111,"column":23},"end":{"line":111,"column":73}},"56":{"start":{"line":112,"column":23},"end":{"line":112,"column":65}},"57":{"start":{"line":113,"column":22},"end":{"line":113,"column":58}},"58":{"start":{"line":115,"column":25},"end":{"line":120,"column":9}},"59":{"start":{"line":122,"column":8},"end":{"line":122,"column":38}},"60":{"start":{"line":124,"column":8},"end":{"line":124,"column":27}},"61":{"start":{"line":125,"column":8},"end":{"line":125,"column":65}},"62":{"start":{"line":130,"column":0},"end":{"line":147,"column":3}},"63":{"start":{"line":131,"column":4},"end":{"line":146,"column":5}},"64":{"start":{"line":132,"column":19},"end":{"line":132,"column":32}},"65":{"start":{"line":133,"column":25},"end":{"line":133,"column":82}},"66":{"start":{"line":135,"column":8},"end":{"line":135,"column":88}},"67":{"start":{"line":135,"column":31},"end":{"line":135,"column":88}},"68":{"start":{"line":137,"column":21},"end":{"line":137,"column":28}},"69":{"start":{"line":138,"column":8},"end":{"line":138,"column":29}},"70":{"start":{"line":139,"column":8},"end":{"line":142,"column":11}},"71":{"start":{"line":144,"column":8},"end":{"line":144,"column":27}},"72":{"start":{"line":145,"column":8},"end":{"line":145,"column":65}},"73":{"start":{"line":150,"column":0},"end":{"line":160,"column":3}},"74":{"start":{"line":151,"column":4},"end":{"line":159,"column":5}},"75":{"start":{"line":152,"column":19},"end":{"line":152,"column":32}},"76":{"start":{"line":153,"column":25},"end":{"line":153,"column":99}},"77":{"start":{"line":154,"column":26},"end":{"line":154,"column":52}},"78":{"start":{"line":154,"column":40},"end":{"line":154,"column":51}},"79":{"start":{"line":155,"column":8},"end":{"line":155,"column":28}},"80":{"start":{"line":157,"column":8},"end":{"line":157,"column":27}},"81":{"start":{"line":158,"column":8},"end":{"line":158,"column":65}},"82":{"start":{"line":163,"column":0},"end":{"line":172,"column":3}},"83":{"start":{"line":164,"column":4},"end":{"line":171,"column":5}},"84":{"start":{"line":165,"column":31},"end":{"line":165,"column":41}},"85":{"start":{"line":166,"column":25},"end":{"line":166,"column":117}},"86":{"start":{"line":167,"column":8},"end":{"line":167,"column":50}},"87":{"start":{"line":169,"column":8},"end":{"line":169,"column":27}},"88":{"start":{"line":170,"column":8},"end":{"line":170,"column":65}},"89":{"start":{"line":175,"column":0},"end":{"line":198,"column":3}},"90":{"start":{"line":176,"column":4},"end":{"line":197,"column":5}},"91":{"start":{"line":177,"column":23},"end":{"line":177,"column":36}},"92":{"start":{"line":178,"column":39},"end":{"line":178,"column":47}},"93":{"start":{"line":179,"column":8},"end":{"line":181,"column":9}},"94":{"start":{"line":180,"column":12},"end":{"line":180,"column":89}},"95":{"start":{"line":184,"column":35},"end":{"line":184,"column":132}},"96":{"start":{"line":185,"column":8},"end":{"line":187,"column":9}},"97":{"start":{"line":186,"column":12},"end":{"line":186,"column":80}},"98":{"start":{"line":189,"column":8},"end":{"line":192,"column":10}},"99":{"start":{"line":193,"column":8},"end":{"line":193,"column":48}},"100":{"start":{"line":195,"column":8},"end":{"line":195,"column":27}},"101":{"start":{"line":196,"column":8},"end":{"line":196,"column":65}},"102":{"start":{"line":201,"column":0},"end":{"line":210,"column":3}},"103":{"start":{"line":202,"column":4},"end":{"line":209,"column":5}},"104":{"start":{"line":203,"column":31},"end":{"line":203,"column":41}},"105":{"start":{"line":204,"column":8},"end":{"line":204,"column":98}},"106":{"start":{"line":205,"column":8},"end":{"line":205,"column":36}},"107":{"start":{"line":207,"column":8},"end":{"line":207,"column":27}},"108":{"start":{"line":208,"column":8},"end":{"line":208,"column":65}},"109":{"start":{"line":213,"column":0},"end":{"line":223,"column":3}},"110":{"start":{"line":214,"column":4},"end":{"line":222,"column":5}},"111":{"start":{"line":215,"column":19},"end":{"line":215,"column":32}},"112":{"start":{"line":216,"column":25},"end":{"line":216,"column":103}},"113":{"start":{"line":217,"column":25},"end":{"line":217,"column":51}},"114":{"start":{"line":217,"column":39},"end":{"line":217,"column":50}},"115":{"start":{"line":218,"column":8},"end":{"line":218,"column":27}},"116":{"start":{"line":220,"column":8},"end":{"line":220,"column":27}},"117":{"start":{"line":221,"column":8},"end":{"line":221,"column":65}},"118":{"start":{"line":226,"column":0},"end":{"line":230,"column":1}},"119":{"start":{"line":227,"column":4},"end":{"line":229,"column":7}},"120":{"start":{"line":228,"column":8},"end":{"line":228,"column":69}},"121":{"start":{"line":232,"column":0},"end":{"line":232,"column":46}}},"fnMap":{"0":{"name":"getKey","decl":{"start":{"line":22,"column":9},"end":{"line":22,"column":15}},"loc":{"start":{"line":22,"column":34},"end":{"line":31,"column":1}},"line":22},"1":{"name":"(anonymous_1)","decl":{"start":{"line":23,"column":37},"end":{"line":23,"column":38}},"loc":{"start":{"line":23,"column":51},"end":{"line":30,"column":5}},"line":23},"2":{"name":"verifyToken","decl":{"start":{"line":34,"column":9},"end":{"line":34,"column":20}},"loc":{"start":{"line":34,"column":37},"end":{"line":54,"column":1}},"line":34},"3":{"name":"(anonymous_3)","decl":{"start":{"line":45,"column":7},"end":{"line":45,"column":8}},"loc":{"start":{"line":45,"column":25},"end":{"line":53,"column":5}},"line":45},"4":{"name":"(anonymous_4)","decl":{"start":{"line":59,"column":19},"end":{"line":59,"column":20}},"loc":{"start":{"line":59,"column":39},"end":{"line":94,"column":1}},"line":59},"5":{"name":"(anonymous_5)","decl":{"start":{"line":97,"column":22},"end":{"line":97,"column":23}},"loc":{"start":{"line":97,"column":42},"end":{"line":127,"column":1}},"line":97},"6":{"name":"(anonymous_6)","decl":{"start":{"line":130,"column":16},"end":{"line":130,"column":17}},"loc":{"start":{"line":130,"column":36},"end":{"line":147,"column":1}},"line":130},"7":{"name":"(anonymous_7)","decl":{"start":{"line":150,"column":26},"end":{"line":150,"column":27}},"loc":{"start":{"line":150,"column":46},"end":{"line":160,"column":1}},"line":150},"8":{"name":"(anonymous_8)","decl":{"start":{"line":154,"column":35},"end":{"line":154,"column":36}},"loc":{"start":{"line":154,"column":40},"end":{"line":154,"column":51}},"line":154},"9":{"name":"(anonymous_9)","decl":{"start":{"line":163,"column":34},"end":{"line":163,"column":35}},"loc":{"start":{"line":163,"column":54},"end":{"line":172,"column":1}},"line":163},"10":{"name":"(anonymous_10)","decl":{"start":{"line":175,"column":27},"end":{"line":175,"column":28}},"loc":{"start":{"line":175,"column":47},"end":{"line":198,"column":1}},"line":175},"11":{"name":"(anonymous_11)","decl":{"start":{"line":201,"column":37},"end":{"line":201,"column":38}},"loc":{"start":{"line":201,"column":57},"end":{"line":210,"column":1}},"line":201},"12":{"name":"(anonymous_12)","decl":{"start":{"line":213,"column":25},"end":{"line":213,"column":26}},"loc":{"start":{"line":213,"column":45},"end":{"line":223,"column":1}},"line":213},"13":{"name":"(anonymous_13)","decl":{"start":{"line":217,"column":34},"end":{"line":217,"column":35}},"loc":{"start":{"line":217,"column":39},"end":{"line":217,"column":50}},"line":217},"14":{"name":"(anonymous_14)","decl":{"start":{"line":227,"column":21},"end":{"line":227,"column":22}},"loc":{"start":{"line":227,"column":27},"end":{"line":229,"column":5}},"line":227}},"branchMap":{"0":{"loc":{"start":{"line":8,"column":13},"end":{"line":8,"column":37}},"type":"binary-expr","locations":[{"start":{"line":8,"column":13},"end":{"line":8,"column":29}},{"start":{"line":8,"column":33},"end":{"line":8,"column":37}}],"line":8},"1":{"loc":{"start":{"line":9,"column":21},"end":{"line":9,"column":71}},"type":"binary-expr","locations":[{"start":{"line":9,"column":21},"end":{"line":9,"column":45}},{"start":{"line":9,"column":49},"end":{"line":9,"column":71}}],"line":9},"2":{"loc":{"start":{"line":10,"column":23},"end":{"line":10,"column":69}},"type":"binary-expr","locations":[{"start":{"line":10,"column":23},"end":{"line":10,"column":49}},{"start":{"line":10,"column":53},"end":{"line":10,"column":69}}],"line":10},"3":{"loc":{"start":{"line":24,"column":8},"end":{"line":27,"column":9}},"type":"if","locations":[{"start":{"line":24,"column":8},"end":{"line":27,"column":9}},{"start":{},"end":{}}],"line":24},"4":{"loc":{"start":{"line":28,"column":27},"end":{"line":28,"column":60}},"type":"binary-expr","locations":[{"start":{"line":28,"column":27},"end":{"line":28,"column":40}},{"start":{"line":28,"column":44},"end":{"line":28,"column":60}}],"line":28},"5":{"loc":{"start":{"line":36,"column":4},"end":{"line":38,"column":5}},"type":"if","locations":[{"start":{"line":36,"column":4},"end":{"line":38,"column":5}},{"start":{},"end":{}}],"line":36},"6":{"loc":{"start":{"line":36,"column":8},"end":{"line":36,"column":56}},"type":"binary-expr","locations":[{"start":{"line":36,"column":8},"end":{"line":36,"column":19}},{"start":{"line":36,"column":23},"end":{"line":36,"column":56}}],"line":36},"7":{"loc":{"start":{"line":46,"column":8},"end":{"line":49,"column":9}},"type":"if","locations":[{"start":{"line":46,"column":8},"end":{"line":49,"column":9}},{"start":{},"end":{}}],"line":46},"8":{"loc":{"start":{"line":63,"column":8},"end":{"line":65,"column":9}},"type":"if","locations":[{"start":{"line":63,"column":8},"end":{"line":65,"column":9}},{"start":{},"end":{}}],"line":63},"9":{"loc":{"start":{"line":63,"column":12},"end":{"line":63,"column":34}},"type":"binary-expr","locations":[{"start":{"line":63,"column":12},"end":{"line":63,"column":24}},{"start":{"line":63,"column":28},"end":{"line":63,"column":34}}],"line":63},"10":{"loc":{"start":{"line":70,"column":8},"end":{"line":75,"column":9}},"type":"if","locations":[{"start":{"line":70,"column":8},"end":{"line":75,"column":9}},{"start":{},"end":{}}],"line":70},"11":{"loc":{"start":{"line":73,"column":25},"end":{"line":73,"column":75}},"type":"binary-expr","locations":[{"start":{"line":73,"column":25},"end":{"line":73,"column":35}},{"start":{"line":73,"column":39},"end":{"line":73,"column":75}}],"line":73},"12":{"loc":{"start":{"line":78,"column":30},"end":{"line":78,"column":44}},"type":"binary-expr","locations":[{"start":{"line":78,"column":30},"end":{"line":78,"column":34}},{"start":{"line":78,"column":38},"end":{"line":78,"column":44}}],"line":78},"13":{"loc":{"start":{"line":86,"column":26},"end":{"line":86,"column":40}},"type":"binary-expr","locations":[{"start":{"line":86,"column":26},"end":{"line":86,"column":30}},{"start":{"line":86,"column":34},"end":{"line":86,"column":40}}],"line":86},"14":{"loc":{"start":{"line":101,"column":8},"end":{"line":103,"column":9}},"type":"if","locations":[{"start":{"line":101,"column":8},"end":{"line":103,"column":9}},{"start":{},"end":{}}],"line":101},"15":{"loc":{"start":{"line":101,"column":12},"end":{"line":101,"column":43}},"type":"binary-expr","locations":[{"start":{"line":101,"column":12},"end":{"line":101,"column":24}},{"start":{"line":101,"column":28},"end":{"line":101,"column":33}},{"start":{"line":101,"column":37},"end":{"line":101,"column":43}}],"line":101},"16":{"loc":{"start":{"line":107,"column":8},"end":{"line":109,"column":9}},"type":"if","locations":[{"start":{"line":107,"column":8},"end":{"line":109,"column":9}},{"start":{},"end":{}}],"line":107},"17":{"loc":{"start":{"line":135,"column":8},"end":{"line":135,"column":88}},"type":"if","locations":[{"start":{"line":135,"column":8},"end":{"line":135,"column":88}},{"start":{},"end":{}}],"line":135},"18":{"loc":{"start":{"line":141,"column":19},"end":{"line":141,"column":69}},"type":"binary-expr","locations":[{"start":{"line":141,"column":19},"end":{"line":141,"column":29}},{"start":{"line":141,"column":33},"end":{"line":141,"column":69}}],"line":141},"19":{"loc":{"start":{"line":179,"column":8},"end":{"line":181,"column":9}},"type":"if","locations":[{"start":{"line":179,"column":8},"end":{"line":181,"column":9}},{"start":{},"end":{}}],"line":179},"20":{"loc":{"start":{"line":179,"column":12},"end":{"line":179,"column":34}},"type":"binary-expr","locations":[{"start":{"line":179,"column":12},"end":{"line":179,"column":20}},{"start":{"line":179,"column":24},"end":{"line":179,"column":34}}],"line":179},"21":{"loc":{"start":{"line":185,"column":8},"end":{"line":187,"column":9}},"type":"if","locations":[{"start":{"line":185,"column":8},"end":{"line":187,"column":9}},{"start":{},"end":{}}],"line":185},"22":{"loc":{"start":{"line":226,"column":0},"end":{"line":230,"column":1}},"type":"if","locations":[{"start":{"line":226,"column":0},"end":{"line":230,"column":1}},{"start":{},"end":{}}],"line":226}},"s":{"0":1,"1":1,"2":1,"3":1,"4":1,"5":1,"6":1,"7":1,"8":1,"9":1,"10":1,"11":1,"12":1,"13":1,"14":0,"15":0,"16":1,"17":1,"18":3,"19":3,"20":1,"21":2,"22":2,"23":2,"24":1,"25":1,"26":1,"27":1,"28":1,"29":1,"30":4,"31":4,"32":4,"33":1,"34":3,"35":2,"36":1,"37":1,"38":1,"39":1,"40":1,"41":1,"42":1,"43":1,"44":1,"45":1,"46":1,"47":1,"48":4,"49":4,"50":4,"51":1,"52":3,"53":2,"54":1,"55":1,"56":1,"57":1,"58":1,"59":1,"60":1,"61":1,"62":1,"63":3,"64":3,"65":3,"66":2,"67":1,"68":1,"69":1,"70":1,"71":1,"72":1,"73":1,"74":2,"75":2,"76":2,"77":1,"78":1,"79":1,"80":1,"81":1,"82":1,"83":1,"84":1,"85":1,"86":1,"87":0,"88":0,"89":1,"90":3,"91":3,"92":3,"93":3,"94":1,"95":2,"96":2,"97":1,"98":1,"99":1,"100":0,"101":0,"102":1,"103":1,"104":1,"105":1,"106":1,"107":0,"108":0,"109":1,"110":2,"111":2,"112":2,"113":1,"114":1,"115":1,"116":1,"117":1,"118":1,"119":0,"120":0,"121":1},"f":{"0":1,"1":1,"2":3,"3":2,"4":4,"5":4,"6":3,"7":2,"8":1,"9":1,"10":3,"11":1,"12":2,"13":1,"14":0},"b":{"0":[1,1],"1":[1,1],"2":[1,1],"3":[0,1],"4":[1,0],"5":[1,2],"6":[3,2],"7":[1,1],"8":[1,3],"9":[4,3],"10":[1,1],"11":[1,1],"12":[1,0],"13":[1,0],"14":[1,3],"15":[4,3,3],"16":[1,1],"17":[1,1],"18":[1,0],"19":[1,2],"20":[3,2],"21":[1,1],"22":[0,1]},"_coverageSchema":"1a1c01bbd47fc00a2c39e90264f33305004495a9","hash":"4477153ad134d1cff700f1148f7aa37efb32ed19"}
}
