TN:
SF:src\index.js
FN:22,getKey
FN:23,(anonymous_1)
FN:34,verifyToken
FN:45,(anonymous_3)
FN:59,(anonymous_4)
FN:97,(anonymous_5)
FN:130,(anonymous_6)
FN:150,(anonymous_7)
FN:154,(anonymous_8)
FN:163,(anonymous_9)
FN:175,(anonymous_10)
FN:201,(anonymous_11)
FN:213,(anonymous_12)
FN:217,(anonymous_13)
FN:227,(anonymous_14)
FNF:15
FNH:14
FNDA:1,getKey
FNDA:1,(anonymous_1)
FNDA:3,verifyToken
FNDA:2,(anonymous_3)
FNDA:4,(anonymous_4)
FNDA:4,(anonymous_5)
FNDA:3,(anonymous_6)
FNDA:2,(anonymous_7)
FNDA:1,(anonymous_8)
FNDA:1,(anonymous_9)
FNDA:3,(anonymous_10)
FNDA:1,(anonymous_11)
FNDA:2,(anonymous_12)
FNDA:1,(anonymous_13)
FNDA:0,(anonymous_14)
DA:1,1
DA:2,1
DA:3,1
DA:4,1
DA:5,1
DA:7,1
DA:8,1
DA:9,1
DA:10,1
DA:12,1
DA:13,1
DA:16,1
DA:23,1
DA:24,1
DA:25,0
DA:26,0
DA:28,1
DA:29,1
DA:35,3
DA:36,3
DA:37,1
DA:40,2
DA:42,2
DA:46,2
DA:47,1
DA:48,1
DA:50,1
DA:51,1
DA:52,1
DA:59,1
DA:60,4
DA:61,4
DA:63,4
DA:64,1
DA:68,3
DA:70,2
DA:71,1
DA:72,1
DA:73,1
DA:74,1
DA:78,1
DA:79,1
DA:80,1
DA:82,1
DA:89,1
DA:91,1
DA:92,1
DA:97,1
DA:98,4
DA:99,4
DA:101,4
DA:102,1
DA:106,3
DA:107,2
DA:108,1
DA:111,1
DA:112,1
DA:113,1
DA:115,1
DA:122,1
DA:124,1
DA:125,1
DA:130,1
DA:131,3
DA:132,3
DA:133,3
DA:135,2
DA:137,1
DA:138,1
DA:139,1
DA:144,1
DA:145,1
DA:150,1
DA:151,2
DA:152,2
DA:153,2
DA:154,1
DA:155,1
DA:157,1
DA:158,1
DA:163,1
DA:164,1
DA:165,1
DA:166,1
DA:167,1
DA:169,0
DA:170,0
DA:175,1
DA:176,3
DA:177,3
DA:178,3
DA:179,3
DA:180,1
DA:184,2
DA:185,2
DA:186,1
DA:189,1
DA:193,1
DA:195,0
DA:196,0
DA:201,1
DA:202,1
DA:203,1
DA:204,1
DA:205,1
DA:207,0
DA:208,0
DA:213,1
DA:214,2
DA:215,2
DA:216,2
DA:217,1
DA:218,1
DA:220,1
DA:221,1
DA:226,1
DA:227,0
DA:228,0
DA:232,1
LF:119
LH:109
BRDA:8,0,0,1
BRDA:8,0,1,1
BRDA:9,1,0,1
BRDA:9,1,1,1
BRDA:10,2,0,1
BRDA:10,2,1,1
BRDA:24,3,0,0
BRDA:24,3,1,1
BRDA:28,4,0,1
BRDA:28,4,1,0
BRDA:36,5,0,1
BRDA:36,5,1,2
BRDA:36,6,0,3
BRDA:36,6,1,2
BRDA:46,7,0,1
BRDA:46,7,1,1
BRDA:63,8,0,1
BRDA:63,8,1,3
BRDA:63,9,0,4
BRDA:63,9,1,3
BRDA:70,10,0,1
BRDA:70,10,1,1
BRDA:73,11,0,1
BRDA:73,11,1,1
BRDA:78,12,0,1
BRDA:78,12,1,0
BRDA:86,13,0,1
BRDA:86,13,1,0
BRDA:101,14,0,1
BRDA:101,14,1,3
BRDA:101,15,0,4
BRDA:101,15,1,3
BRDA:101,15,2,3
BRDA:107,16,0,1
BRDA:107,16,1,1
BRDA:135,17,0,1
BRDA:135,17,1,1
BRDA:141,18,0,1
BRDA:141,18,1,0
BRDA:179,19,0,1
BRDA:179,19,1,2
BRDA:179,20,0,3
BRDA:179,20,1,2
BRDA:185,21,0,1
BRDA:185,21,1,1
BRDA:226,22,0,0
BRDA:226,22,1,1
BRF:47
BRH:41
end_of_record
