{"C:\\Users\\carol\\Documents\\Cesi\\projet\\bloc3\\Collector_shop\\service_catalogue\\src\\index.js": {"path":"C:\\Users\\carol\\Documents\\Cesi\\projet\\bloc3\\Collector_shop\\service_catalogue\\src\\index.js","statementMap":{"0":{"start":{"line":1,"column":16},"end":{"line":1,"column":34}},"1":{"start":{"line":2,"column":13},"end":{"line":2,"column":28}},"2":{"start":{"line":3,"column":11},"end":{"line":3,"column":26}},"3":{"start":{"line":5,"column":12},"end":{"line":5,"column":21}},"4":{"start":{"line":6,"column":13},"end":{"line":6,"column":37}},"5":{"start":{"line":8,"column":0},"end":{"line":8,"column":16}},"6":{"start":{"line":9,"column":0},"end":{"line":9,"column":24}},"7":{"start":{"line":13,"column":16},"end":{"line":13,"column":33}},"8":{"start":{"line":14,"column":4},"end":{"line":14,"column":32}},"9":{"start":{"line":14,"column":20},"end":{"line":14,"column":32}},"10":{"start":{"line":15,"column":4},"end":{"line":15,"column":101}},"11":{"start":{"line":20,"column":0},"end":{"line":37,"column":3}},"12":{"start":{"line":21,"column":4},"end":{"line":36,"column":5}},"13":{"start":{"line":22,"column":25},"end":{"line":22,"column":97}},"14":{"start":{"line":23,"column":26},"end":{"line":31,"column":11}},"15":{"start":{"line":23,"column":41},"end":{"line":31,"column":9}},"16":{"start":{"line":32,"column":8},"end":{"line":32,"column":28}},"17":{"start":{"line":34,"column":8},"end":{"line":34,"column":27}},"18":{"start":{"line":35,"column":8},"end":{"line":35,"column":65}},"19":{"start":{"line":40,"column":0},"end":{"line":51,"column":3}},"20":{"start":{"line":41,"column":4},"end":{"line":50,"column":5}},"21":{"start":{"line":42,"column":25},"end":{"line":42,"column":87}},"22":{"start":{"line":43,"column":8},"end":{"line":43,"column":83}},"23":{"start":{"line":43,"column":31},"end":{"line":43,"column":83}},"24":{"start":{"line":44,"column":21},"end":{"line":44,"column":28}},"25":{"start":{"line":45,"column":8},"end":{"line":45,"column":45}},"26":{"start":{"line":46,"column":8},"end":{"line":46,"column":23}},"27":{"start":{"line":48,"column":8},"end":{"line":48,"column":27}},"28":{"start":{"line":49,"column":8},"end":{"line":49,"column":65}},"29":{"start":{"line":54,"column":0},"end":{"line":74,"column":3}},"30":{"start":{"line":55,"column":4},"end":{"line":73,"column":5}},"31":{"start":{"line":56,"column":27},"end":{"line":56,"column":37}},"32":{"start":{"line":57,"column":25},"end":{"line":57,"column":117}},"33":{"start":{"line":58,"column":26},"end":{"line":68,"column":11}},"34":{"start":{"line":58,"column":41},"end":{"line":68,"column":9}},"35":{"start":{"line":69,"column":8},"end":{"line":69,"column":28}},"36":{"start":{"line":71,"column":8},"end":{"line":71,"column":27}},"37":{"start":{"line":72,"column":8},"end":{"line":72,"column":65}},"38":{"start":{"line":77,"column":0},"end":{"line":89,"column":3}},"39":{"start":{"line":78,"column":4},"end":{"line":88,"column":5}},"40":{"start":{"line":79,"column":23},"end":{"line":79,"column":33}},"41":{"start":{"line":80,"column":25},"end":{"line":80,"column":82}},"42":{"start":{"line":81,"column":8},"end":{"line":81,"column":91}},"43":{"start":{"line":81,"column":31},"end":{"line":81,"column":91}},"44":{"start":{"line":82,"column":21},"end":{"line":82,"column":28}},"45":{"start":{"line":83,"column":8},"end":{"line":83,"column":45}},"46":{"start":{"line":84,"column":8},"end":{"line":84,"column":23}},"47":{"start":{"line":86,"column":8},"end":{"line":86,"column":27}},"48":{"start":{"line":87,"column":8},"end":{"line":87,"column":65}},"49":{"start":{"line":92,"column":0},"end":{"line":133,"column":3}},"50":{"start":{"line":93,"column":4},"end":{"line":132,"column":5}},"51":{"start":{"line":94,"column":92},"end":{"line":94,"column":100}},"52":{"start":{"line":97,"column":8},"end":{"line":99,"column":9}},"53":{"start":{"line":98,"column":12},"end":{"line":98,"column":93}},"54":{"start":{"line":101,"column":29},"end":{"line":101,"column":46}},"55":{"start":{"line":102,"column":8},"end":{"line":104,"column":9}},"56":{"start":{"line":103,"column":12},"end":{"line":103,"column":92}},"57":{"start":{"line":106,"column":8},"end":{"line":108,"column":9}},"58":{"start":{"line":107,"column":12},"end":{"line":107,"column":74}},"59":{"start":{"line":112,"column":8},"end":{"line":115,"column":9}},"60":{"start":{"line":113,"column":12},"end":{"line":113,"column":101}},"61":{"start":{"line":116,"column":8},"end":{"line":118,"column":9}},"62":{"start":{"line":117,"column":12},"end":{"line":117,"column":94}},"63":{"start":{"line":120,"column":19},"end":{"line":120,"column":39}},"64":{"start":{"line":121,"column":25},"end":{"line":125,"column":9}},"65":{"start":{"line":126,"column":21},"end":{"line":126,"column":28}},"66":{"start":{"line":127,"column":8},"end":{"line":127,"column":45}},"67":{"start":{"line":128,"column":8},"end":{"line":128,"column":35}},"68":{"start":{"line":130,"column":8},"end":{"line":130,"column":27}},"69":{"start":{"line":131,"column":8},"end":{"line":131,"column":65}},"70":{"start":{"line":135,"column":0},"end":{"line":139,"column":1}},"71":{"start":{"line":136,"column":4},"end":{"line":138,"column":7}},"72":{"start":{"line":137,"column":8},"end":{"line":137,"column":67}},"73":{"start":{"line":141,"column":0},"end":{"line":141,"column":21}}},"fnMap":{"0":{"name":"formatPrice","decl":{"start":{"line":12,"column":9},"end":{"line":12,"column":20}},"loc":{"start":{"line":12,"column":28},"end":{"line":16,"column":1}},"line":12},"1":{"name":"(anonymous_1)","decl":{"start":{"line":20,"column":21},"end":{"line":20,"column":22}},"loc":{"start":{"line":20,"column":41},"end":{"line":37,"column":1}},"line":20},"2":{"name":"(anonymous_2)","decl":{"start":{"line":23,"column":35},"end":{"line":23,"column":36}},"loc":{"start":{"line":23,"column":41},"end":{"line":31,"column":9}},"line":23},"3":{"name":"(anonymous_3)","decl":{"start":{"line":40,"column":31},"end":{"line":40,"column":32}},"loc":{"start":{"line":40,"column":51},"end":{"line":51,"column":1}},"line":40},"4":{"name":"(anonymous_4)","decl":{"start":{"line":54,"column":34},"end":{"line":54,"column":35}},"loc":{"start":{"line":54,"column":54},"end":{"line":74,"column":1}},"line":54},"5":{"name":"(anonymous_5)","decl":{"start":{"line":58,"column":35},"end":{"line":58,"column":36}},"loc":{"start":{"line":58,"column":41},"end":{"line":68,"column":9}},"line":58},"6":{"name":"(anonymous_6)","decl":{"start":{"line":77,"column":25},"end":{"line":77,"column":26}},"loc":{"start":{"line":77,"column":45},"end":{"line":89,"column":1}},"line":77},"7":{"name":"(anonymous_7)","decl":{"start":{"line":92,"column":22},"end":{"line":92,"column":23}},"loc":{"start":{"line":92,"column":42},"end":{"line":133,"column":1}},"line":92},"8":{"name":"(anonymous_8)","decl":{"start":{"line":136,"column":21},"end":{"line":136,"column":22}},"loc":{"start":{"line":136,"column":27},"end":{"line":138,"column":5}},"line":136}},"branchMap":{"0":{"loc":{"start":{"line":6,"column":13},"end":{"line":6,"column":37}},"type":"binary-expr","locations":[{"start":{"line":6,"column":13},"end":{"line":6,"column":29}},{"start":{"line":6,"column":33},"end":{"line":6,"column":37}}],"line":6},"1":{"loc":{"start":{"line":14,"column":4},"end":{"line":14,"column":32}},"type":"if","locations":[{"start":{"line":14,"column":4},"end":{"line":14,"column":32}},{"start":{},"end":{}}],"line":14},"2":{"loc":{"start":{"line":29,"column":19},"end":{"line":29,"column":36}},"type":"binary-expr","locations":[{"start":{"line":29,"column":19},"end":{"line":29,"column":30}},{"start":{"line":29,"column":34},"end":{"line":29,"column":36}}],"line":29},"3":{"loc":{"start":{"line":30,"column":21},"end":{"line":30,"column":38}},"type":"binary-expr","locations":[{"start":{"line":30,"column":21},"end":{"line":30,"column":30}},{"start":{"line":30,"column":34},"end":{"line":30,"column":38}}],"line":30},"4":{"loc":{"start":{"line":43,"column":8},"end":{"line":43,"column":83}},"type":"if","locations":[{"start":{"line":43,"column":8},"end":{"line":43,"column":83}},{"start":{},"end":{}}],"line":43},"5":{"loc":{"start":{"line":64,"column":19},"end":{"line":64,"column":36}},"type":"binary-expr","locations":[{"start":{"line":64,"column":19},"end":{"line":64,"column":30}},{"start":{"line":64,"column":34},"end":{"line":64,"column":36}}],"line":64},"6":{"loc":{"start":{"line":81,"column":8},"end":{"line":81,"column":91}},"type":"if","locations":[{"start":{"line":81,"column":8},"end":{"line":81,"column":91}},{"start":{},"end":{}}],"line":81},"7":{"loc":{"start":{"line":97,"column":8},"end":{"line":99,"column":9}},"type":"if","locations":[{"start":{"line":97,"column":8},"end":{"line":99,"column":9}},{"start":{},"end":{}}],"line":97},"8":{"loc":{"start":{"line":97,"column":12},"end":{"line":97,"column":72}},"type":"binary-expr","locations":[{"start":{"line":97,"column":12},"end":{"line":97,"column":18}},{"start":{"line":97,"column":22},"end":{"line":97,"column":31}},{"start":{"line":97,"column":35},"end":{"line":97,"column":54}},{"start":{"line":97,"column":58},"end":{"line":97,"column":72}}],"line":97},"9":{"loc":{"start":{"line":102,"column":8},"end":{"line":104,"column":9}},"type":"if","locations":[{"start":{"line":102,"column":8},"end":{"line":104,"column":9}},{"start":{},"end":{}}],"line":102},"10":{"loc":{"start":{"line":102,"column":12},"end":{"line":102,"column":51}},"type":"binary-expr","locations":[{"start":{"line":102,"column":12},"end":{"line":102,"column":31}},{"start":{"line":102,"column":35},"end":{"line":102,"column":51}}],"line":102},"11":{"loc":{"start":{"line":106,"column":8},"end":{"line":108,"column":9}},"type":"if","locations":[{"start":{"line":106,"column":8},"end":{"line":108,"column":9}},{"start":{},"end":{}}],"line":106},"12":{"loc":{"start":{"line":112,"column":8},"end":{"line":115,"column":9}},"type":"if","locations":[{"start":{"line":112,"column":8},"end":{"line":115,"column":9}},{"start":{},"end":{}}],"line":112},"13":{"loc":{"start":{"line":116,"column":8},"end":{"line":118,"column":9}},"type":"if","locations":[{"start":{"line":116,"column":8},"end":{"line":118,"column":9}},{"start":{},"end":{}}],"line":116},"14":{"loc":{"start":{"line":124,"column":48},"end":{"line":124,"column":63}},"type":"binary-expr","locations":[{"start":{"line":124,"column":48},"end":{"line":124,"column":57}},{"start":{"line":124,"column":61},"end":{"line":124,"column":63}}],"line":124},"15":{"loc":{"start":{"line":124,"column":65},"end":{"line":124,"column":82}},"type":"binary-expr","locations":[{"start":{"line":124,"column":65},"end":{"line":124,"column":76}},{"start":{"line":124,"column":80},"end":{"line":124,"column":82}}],"line":124},"16":{"loc":{"start":{"line":124,"column":99},"end":{"line":124,"column":111}},"type":"binary-expr","locations":[{"start":{"line":124,"column":99},"end":{"line":124,"column":105}},{"start":{"line":124,"column":109},"end":{"line":124,"column":111}}],"line":124},"17":{"loc":{"start":{"line":124,"column":129},"end":{"line":124,"column":141}},"type":"binary-expr","locations":[{"start":{"line":124,"column":129},"end":{"line":124,"column":135}},{"start":{"line":124,"column":139},"end":{"line":124,"column":141}}],"line":124},"18":{"loc":{"start":{"line":135,"column":0},"end":{"line":139,"column":1}},"type":"if","locations":[{"start":{"line":135,"column":0},"end":{"line":139,"column":1}},{"start":{},"end":{}}],"line":135}},"s":{"0":1,"1":1,"2":1,"3":1,"4":1,"5":1,"6":1,"7":6,"8":6,"9":0,"10":6,"11":1,"12":2,"13":2,"14":1,"15":1,"16":1,"17":1,"18":1,"19":1,"20":2,"21":2,"22":2,"23":1,"24":1,"25":1,"26":1,"27":0,"28":0,"29":1,"30":2,"31":2,"32":2,"33":1,"34":1,"35":1,"36":1,"37":1,"38":1,"39":3,"40":3,"41":3,"42":2,"43":1,"44":1,"45":1,"46":1,"47":1,"48":1,"49":1,"50":7,"51":7,"52":7,"53":1,"54":6,"55":6,"56":1,"57":5,"58":1,"59":4,"60":1,"61":4,"62":1,"63":3,"64":3,"65":2,"66":2,"67":2,"68":1,"69":1,"70":1,"71":0,"72":0,"73":1},"f":{"0":6,"1":2,"2":1,"3":2,"4":2,"5":1,"6":3,"7":7,"8":0},"b":{"0":[1,1],"1":[0,6],"2":[1,0],"3":[1,0],"4":[1,1],"5":[1,1],"6":[1,1],"7":[1,6],"8":[7,7,6,6],"9":[1,5],"10":[6,6],"11":[1,4],"12":[1,3],"13":[1,3],"14":[3,3],"15":[3,3],"16":[3,0],"17":[3,0],"18":[0,1]},"_coverageSchema":"1a1c01bbd47fc00a2c39e90264f33305004495a9","hash":"9ed3dc1a7e529402ee20704932947c603b8b03bc"}
}
