TN:
SF:src\index.js
FN:12,formatPrice
FN:20,(anonymous_1)
FN:23,(anonymous_2)
FN:40,(anonymous_3)
FN:54,(anonymous_4)
FN:58,(anonymous_5)
FN:77,(anonymous_6)
FN:92,(anonymous_7)
FN:136,(anonymous_8)
FNF:9
FNH:8
FNDA:6,formatPrice
FNDA:2,(anonymous_1)
FNDA:1,(anonymous_2)
FNDA:2,(anonymous_3)
FNDA:2,(anonymous_4)
FNDA:1,(anonymous_5)
FNDA:3,(anonymous_6)
FNDA:7,(anonymous_7)
FNDA:0,(anonymous_8)
DA:1,1
DA:2,1
DA:3,1
DA:5,1
DA:6,1
DA:8,1
DA:9,1
DA:13,6
DA:14,6
DA:15,6
DA:20,1
DA:21,2
DA:22,2
DA:23,1
DA:32,1
DA:34,1
DA:35,1
DA:40,1
DA:41,2
DA:42,2
DA:43,2
DA:44,1
DA:45,1
DA:46,1
DA:48,0
DA:49,0
DA:54,1
DA:55,2
DA:56,2
DA:57,2
DA:58,1
DA:69,1
DA:71,1
DA:72,1
DA:77,1
DA:78,3
DA:79,3
DA:80,3
DA:81,2
DA:82,1
DA:83,1
DA:84,1
DA:86,1
DA:87,1
DA:92,1
DA:93,7
DA:94,7
DA:97,7
DA:98,1
DA:101,6
DA:102,6
DA:103,1
DA:106,5
DA:107,1
DA:112,4
DA:113,1
DA:116,4
DA:117,1
DA:120,3
DA:121,3
DA:126,2
DA:127,2
DA:128,2
DA:130,1
DA:131,1
DA:135,1
DA:136,0
DA:137,0
DA:141,1
LF:69
LH:65
BRDA:6,0,0,1
BRDA:6,0,1,1
BRDA:14,1,0,0
BRDA:14,1,1,6
BRDA:29,2,0,1
BRDA:29,2,1,0
BRDA:30,3,0,1
BRDA:30,3,1,0
BRDA:43,4,0,1
BRDA:43,4,1,1
BRDA:64,5,0,1
BRDA:64,5,1,1
BRDA:81,6,0,1
BRDA:81,6,1,1
BRDA:97,7,0,1
BRDA:97,7,1,6
BRDA:97,8,0,7
BRDA:97,8,1,7
BRDA:97,8,2,6
BRDA:97,8,3,6
BRDA:102,9,0,1
BRDA:102,9,1,5
BRDA:102,10,0,6
BRDA:102,10,1,6
BRDA:106,11,0,1
BRDA:106,11,1,4
BRDA:112,12,0,1
BRDA:112,12,1,3
BRDA:116,13,0,1
BRDA:116,13,1,3
BRDA:124,14,0,3
BRDA:124,14,1,3
BRDA:124,15,0,3
BRDA:124,15,1,3
BRDA:124,16,0,3
BRDA:124,16,1,0
BRDA:124,17,0,3
BRDA:124,17,1,0
BRDA:135,18,0,0
BRDA:135,18,1,1
BRF:40
BRH:34
end_of_record
